./uav_nozzle/imgs
├── centrifuge
│   ├── 其他
│   │   ├── 1.jpg
│   │   ├── 有刷電動式
│   │   │   ├── 新版
│   │   │   │   ├── 1.jpg
│   │   │   │   ├── 2.jpg
│   │   │   │   └── 3.jpg
│   │   │   └── 舊版
│   │   │       ├── 1.jpg
│   │   │       └── 2.jpg
│   │   └── 無刷電動式
│   │       └── 1.jpg
│   ├── 動控科技
│   │   └── 有刷離心噴頭
│   │       ├── 1.JPG
│   │       ├── 2.JPG
│   │       └── 3.JPG
│   └── 銀通科技
│       └── 1.jpg
├── css_imgs
│   └── background.jpg
├── high_pressure
│   └── 東台
│       └── 1.JPG
├── icon.png
└── low_pressure
    ├── ARAG
    │   └── 陶瓷空心錐
    │       ├── 1.jpg
    │       └── 2.jpg
    ├── ConeJet
    │   └── 空心錐形噴嘴
    │       └── data.jpg
    ├── LECHLER
    │   ├── 普通噴嘴
    │   │   ├── 1.jpg
    │   │   └── 2.jpg
    │   ├── 標準扇形
    │   │   ├── 1.jpg
    │   │   └── data.jpg
    │   └── 陶瓷空心錐
    │       ├── 1.jpg
    │       ├── 2.jpg
    │       └── data.jpg
    ├── LiCheng
    │   └── data.jpg
    ├── TeeJet
    │   ├── 扇形噴嘴
    │   │   └── data.jpg
    │   └── 系統噴霧
    │       ├── 1.JPG
    │       ├── 2.JPG
    │       └── 3.JPG
    ├── 其他
    │   ├── 禾斗雲
    │   │   └── 1.jpg
    │   └── 進口-扇形-銅
    │       └── 1.jpg
    ├── 動控科技
    │   └── 1.jpg
    ├── 經緯航太
    │   ├── a
    │   │   └── 1.JPG
    │   ├── b
    │   │   └── 1.JPG
    │   ├── c
    │   │   ├── 1.JPG
    │   │   ├── 2.JPG
    │   │   └── 3.JPG
    │   ├── d
    │   │   ├── 1.JPG
    │   │   └── 2.JPG
    │   ├── e
    │   │   ├── 1.JPG
    │   │   └── 2.JPG
    │   └── f
    │       ├── 1.JPG
    │       └── 2.JPG
    └── 青禾植保
        ├── 內走水
        │   └── 1.jpg
        ├── 卡圓管螺紋連接防滴
        │   ├── 1.jpg
        │   ├── 2.jpg
        │   ├── 3.jpg
        │   ├── 4.jpg
        │   ├── 5.jpg
        │   ├── 6.jpg
        │   └── datasheet.jpg
        ├── 卡方管螺紋連接防滴
        │   └── 1.jpg
        ├── 插管不防滴
        │   ├── 1.jpg
        │   ├── 2.jpg
        │   └── 3.jpg
        └── 防滴內走水
            └── 1.jpg

42 directories, 56 files
